SF:lib/app/features/home/infra/models/response/get_all_response.dart
DA:8,4
DA:14,1
DA:15,1
DA:16,1
DA:17,2
DA:18,2
DA:22,3
DA:27,3
DA:29,3
DA:30,3
DA:44,4
DA:54,1
DA:55,1
DA:56,1
DA:57,1
DA:58,1
DA:59,1
DA:60,2
DA:61,2
DA:62,1
DA:63,1
DA:64,1
DA:65,0
DA:69,3
DA:78,3
DA:85,6
LF:26
LH:25
end_of_record
SF:lib/app/features/home/infra/repositories/motel_repository.dart
DA:11,1
DA:13,1
DA:16,2
DA:17,1
DA:19,2
LF:5
LH:5
end_of_record
SF:lib/app/features/home/domain/failures/motel_failure.dart
DA:5,2
DA:7,0
DA:8,0
LF:3
LH:1
end_of_record
SF:lib/app/features/home/infra/models/category_item_model.dart
DA:5,6
DA:7,2
DA:8,2
DA:9,2
DA:10,2
DA:14,6
DA:18,6
LF:7
LH:7
end_of_record
SF:lib/app/features/home/infra/models/discount_model.dart
DA:4,8
DA:6,4
DA:7,4
DA:8,8
DA:12,8
DA:15,8
LF:6
LH:6
end_of_record
SF:lib/app/features/home/infra/models/item_model.dart
DA:4,5
DA:6,1
DA:7,1
DA:8,1
DA:12,5
DA:15,5
LF:6
LH:6
end_of_record
SF:lib/app/features/home/infra/models/motel_model.dart
DA:13,4
DA:24,1
DA:25,1
DA:26,1
DA:27,1
DA:28,1
DA:29,2
DA:30,1
DA:31,1
DA:32,3
DA:33,1
DA:34,1
DA:35,1
DA:36,2
DA:40,4
DA:50,4
DA:56,8
LF:17
LH:17
end_of_record
SF:lib/app/features/home/infra/models/suite_model.dart
DA:14,5
DA:24,2
DA:25,2
DA:26,2
DA:27,2
DA:28,2
DA:29,5
DA:30,2
DA:31,4
DA:32,2
DA:33,1
DA:34,2
DA:35,4
DA:36,2
DA:37,1
DA:38,2
DA:39,4
DA:40,2
DA:41,1
DA:45,5
DA:54,5
DA:58,5
DA:62,10
DA:63,10
DA:64,10
LF:25
LH:25
end_of_record
SF:lib/app/features/home/infra/models/period_model.dart
DA:11,6
DA:20,2
DA:21,2
DA:22,2
DA:23,2
DA:24,4
DA:25,4
DA:26,2
DA:27,2
DA:28,4
DA:33,6
DA:41,6
DA:47,6
LF:13
LH:13
end_of_record
SF:lib/app/features/home/domain/usecases/get_all_usecase.dart
DA:10,1
DA:12,1
DA:14,2
LF:3
LH:3
end_of_record
SF:lib/app/features/home/presenter/states/motel_state.dart
DA:5,1
DA:6,1
DA:14,1
DA:16,1
DA:17,2
DA:23,1
DA:25,1
DA:26,2
LF:8
LH:8
end_of_record
SF:lib/app/features/home/presenter/stores/motel_store.dart
DA:8,3
DA:10,1
DA:11,2
DA:13,2
DA:14,1
DA:15,3
DA:16,3
LF:7
LH:7
end_of_record
SF:lib/app/features/home/external/motel_service.dart
DA:10,1
DA:12,1
DA:15,2
DA:16,2
DA:17,1
DA:18,1
DA:20,3
LF:7
LH:7
end_of_record
